TN:
SF:stories/components/Accordion/Accordion.js
FN:3,(anonymous_0)
FN:34,(anonymous_1)
FNF:2
FNH:2
FNDA:4,(anonymous_0)
FNDA:1,(anonymous_1)
DA:3,1
DA:4,4
DA:5,4
DA:6,4
DA:7,4
DA:8,4
DA:10,4
DA:34,1
DA:35,1
DA:37,1
LF:10
LH:10
BRDA:3,0,0,3
BRDA:3,1,0,0
BRDA:3,2,0,2
BRDA:3,3,0,3
BRDA:4,4,0,1
BRDA:4,4,1,3
BRDA:5,5,0,1
BRDA:5,5,1,3
BRDA:6,6,0,1
BRDA:6,6,1,3
BRDA:7,7,0,2
BRDA:7,7,1,2
BRDA:8,8,0,1
BRDA:8,8,1,3
BRDA:34,9,0,0
BRDA:34,10,0,0
BRDA:35,11,0,0
BRDA:35,11,1,1
BRF:18
BRH:14
end_of_record
TN:
SF:stories/components/Accordion/Accordion.stories.js
FN:47,(anonymous_0)
FN:48,(anonymous_1)
FNF:2
FNH:2
FNDA:4,(anonymous_0)
FNDA:1,(anonymous_1)
DA:47,4
DA:48,1
DA:50,1
DA:51,1
DA:56,1
DA:57,1
DA:63,1
DA:64,1
DA:70,1
DA:71,1
DA:78,1
DA:79,1
LF:12
LH:12
BRF:0
BRH:0
end_of_record
TN:
SF:stories/components/BreadCrumbs/BreadCrumbs.js
FN:3,(anonymous_0)
FN:6,(anonymous_1)
FN:12,(anonymous_2)
FNF:3
FNH:3
FNDA:2,(anonymous_0)
FNDA:1,(anonymous_1)
FNDA:1,(anonymous_2)
DA:3,1
DA:4,2
DA:5,2
DA:6,2
DA:12,2
DA:29,2
LF:6
LH:6
BRDA:5,0,0,0
BRDA:5,0,1,2
BRDA:32,1,0,1
BRDA:32,1,1,1
BRF:4
BRH:3
end_of_record
TN:
SF:stories/components/BreadCrumbs/BreadCrumbs.stories.js
FN:38,(anonymous_0)
FNF:1
FNH:1
FNDA:2,(anonymous_0)
DA:38,2
DA:40,1
DA:42,1
DA:43,1
LF:4
LH:4
BRF:0
BRH:0
end_of_record
TN:
SF:stories/components/Button/Button.js
FN:3,(anonymous_0)
FNF:1
FNH:1
FNDA:7,(anonymous_0)
DA:3,1
DA:4,7
DA:5,7
DA:7,7
LF:4
LH:4
BRDA:3,0,0,4
BRDA:3,1,0,0
BRDA:3,2,0,4
BRDA:3,3,0,1
BRDA:3,4,0,3
BRDA:4,5,0,4
BRDA:4,5,1,3
BRDA:5,6,0,0
BRDA:5,6,1,7
BRDA:5,7,0,7
BRDA:5,7,1,0
BRDA:5,8,0,0
BRDA:5,8,1,7
BRDA:9,9,0,4
BRDA:9,9,1,3
BRF:15
BRH:11
end_of_record
TN:
SF:stories/components/Button/Button.stories.js
FN:65,(anonymous_0)
FN:83,(anonymous_1)
FNF:2
FNH:2
FNDA:3,(anonymous_0)
FNDA:1,(anonymous_1)
DA:65,3
DA:68,1
DA:69,1
DA:71,1
DA:72,1
DA:77,1
DA:78,1
DA:83,1
DA:84,1
DA:94,1
DA:95,1
LF:11
LH:11
BRF:0
BRH:0
end_of_record
TN:
SF:stories/components/CalendarButton/CalendarButton.js
FN:3,(anonymous_0)
FNF:1
FNH:1
FNDA:1,(anonymous_0)
DA:3,1
DA:4,1
DA:5,1
DA:6,1
DA:8,1
LF:5
LH:5
BRDA:4,0,0,0
BRDA:4,0,1,1
BRDA:5,1,0,0
BRDA:5,1,1,1
BRF:4
BRH:2
end_of_record
TN:
SF:stories/components/CalendarButton/CalendarButton.stories.js
FN:42,(anonymous_0)
FNF:1
FNH:1
FNDA:1,(anonymous_0)
DA:42,1
DA:44,1
LF:2
LH:2
BRF:0
BRH:0
end_of_record
TN:
SF:stories/components/Card/Card.js
FN:5,(anonymous_0)
FN:27,(anonymous_1)
FNF:2
FNH:2
FNDA:1,(anonymous_0)
FNDA:1,(anonymous_1)
DA:5,1
DA:6,1
DA:27,1
DA:28,1
DA:29,1
LF:5
LH:5
BRF:0
BRH:0
end_of_record
TN:
SF:stories/components/Card/Card.stories.js
FN:20,(anonymous_0)
FNF:1
FNH:1
FNDA:1,(anonymous_0)
DA:20,1
DA:22,1
LF:2
LH:2
BRF:0
BRH:0
end_of_record
TN:
SF:stories/components/CartTile/CartTile.js
FN:6,(anonymous_0)
FN:38,(anonymous_1)
FN:71,(anonymous_2)
FNF:3
FNH:3
FNDA:1,(anonymous_0)
FNDA:1,(anonymous_1)
FNDA:1,(anonymous_2)
DA:6,1
DA:7,1
DA:38,1
DA:39,1
DA:71,1
DA:72,1
LF:6
LH:6
BRDA:42,0,0,1
BRDA:42,0,1,0
BRDA:71,1,0,1
BRDA:71,2,0,1
BRF:4
BRH:3
end_of_record
TN:
SF:stories/components/CartTile/CartTile.stories.js
FN:11,(anonymous_0)
FNF:1
FNH:1
FNDA:1,(anonymous_0)
DA:11,1
DA:13,1
LF:2
LH:2
BRF:0
BRH:0
end_of_record
TN:
SF:stories/components/Chips/Chips.js
FN:4,(anonymous_0)
FN:16,(anonymous_1)
FNF:2
FNH:2
FNDA:7,(anonymous_0)
FNDA:1,(anonymous_1)
DA:4,1
DA:5,7
DA:16,1
DA:17,1
LF:4
LH:4
BRDA:4,0,0,0
BRDA:4,1,0,2
BRDA:4,2,0,4
BRDA:4,3,0,0
BRDA:4,4,0,4
BRDA:9,5,0,2
BRDA:9,5,1,5
BRDA:9,6,0,7
BRDA:9,6,1,5
BRDA:11,7,0,0
BRDA:11,7,1,7
BRF:11
BRH:8
end_of_record
TN:
SF:stories/components/Chips/Chips.stories.js
FN:88,(anonymous_0)
FN:105,(anonymous_1)
FN:111,(anonymous_2)
FNF:3
FNH:3
FNDA:3,(anonymous_0)
FNDA:1,(anonymous_1)
FNDA:1,(anonymous_2)
DA:88,3
DA:90,1
DA:92,1
DA:93,1
DA:97,1
DA:98,1
DA:105,1
DA:106,1
DA:107,1
DA:111,1
DA:112,1
DA:122,1
DA:123,1
LF:13
LH:13
BRF:0
BRH:0
end_of_record
TN:
SF:stories/components/ContentSwitcher/ContentSwitcher.js
FN:3,(anonymous_0)
FN:43,(anonymous_1)
FNF:2
FNH:2
FNDA:1,(anonymous_0)
FNDA:1,(anonymous_1)
DA:3,1
DA:4,1
DA:43,1
DA:44,1
LF:4
LH:4
BRF:0
BRH:0
end_of_record
TN:
SF:stories/components/ContentSwitcher/ContentSwitcher.stories.js
FN:36,(anonymous_0)
FN:37,(anonymous_1)
FNF:2
FNH:2
FNDA:1,(anonymous_0)
FNDA:1,(anonymous_1)
DA:36,1
DA:37,1
DA:39,1
DA:41,1
DA:42,1
LF:5
LH:5
BRF:0
BRH:0
end_of_record
TN:
SF:stories/components/ContractIndicator/ContractIndicator.js
FN:3,(anonymous_0)
FN:16,(anonymous_1)
FNF:2
FNH:2
FNDA:4,(anonymous_0)
FNDA:6,(anonymous_1)
DA:3,1
DA:4,4
DA:16,1
DA:17,6
LF:4
LH:4
BRDA:16,0,0,0
BRDA:16,1,0,0
BRDA:16,2,0,1
BRDA:19,3,0,4
BRDA:19,3,1,2
BRF:5
BRH:3
end_of_record
TN:
SF:stories/components/ContractIndicator/ContractIndicator.stories.js
FN:25,(anonymous_0)
FN:26,(anonymous_1)
FNF:2
FNH:2
FNDA:2,(anonymous_0)
FNDA:1,(anonymous_1)
DA:25,2
DA:26,1
DA:27,1
DA:35,1
DA:36,1
DA:40,1
DA:42,1
DA:47,1
DA:48,1
LF:9
LH:9
BRF:0
BRH:0
end_of_record
TN:
SF:stories/components/IconButton/IconButton.js
FN:3,(anonymous_0)
FNF:1
FNH:1
FNDA:12,(anonymous_0)
DA:3,1
DA:4,12
DA:5,12
DA:6,12
DA:7,12
DA:8,12
DA:9,12
DA:11,12
LF:8
LH:8
BRDA:3,0,0,0
BRDA:3,1,0,0
BRDA:4,2,0,6
BRDA:4,2,1,6
BRDA:5,3,0,8
BRDA:5,3,1,4
BRDA:6,4,0,6
BRDA:6,4,1,6
BRDA:7,5,0,8
BRDA:7,5,1,4
BRDA:8,6,0,4
BRDA:8,6,1,8
BRF:12
BRH:10
end_of_record
TN:
SF:stories/components/IconButton/IconButton.stories.js
FN:66,(anonymous_0)
FNF:1
FNH:1
FNDA:12,(anonymous_0)
DA:66,12
DA:69,1
DA:70,1
DA:73,1
DA:81,1
DA:82,1
DA:85,1
DA:93,1
DA:94,1
DA:97,1
DA:105,1
DA:106,1
DA:109,1
DA:117,1
DA:118,1
DA:121,1
DA:129,1
DA:130,1
DA:133,1
DA:141,1
DA:142,1
DA:145,1
DA:153,1
DA:154,1
DA:157,1
DA:165,1
DA:166,1
DA:169,1
DA:177,1
DA:178,1
DA:181,1
DA:189,1
DA:190,1
DA:193,1
DA:201,1
DA:202,1
DA:205,1
LF:37
LH:37
BRF:0
BRH:0
end_of_record
TN:
SF:stories/components/IconButtonWithDropdown/IconButtonWithDropdown.js
FN:3,(anonymous_0)
FN:35,(anonymous_1)
FNF:2
FNH:2
FNDA:6,(anonymous_0)
FNDA:1,(anonymous_1)
DA:3,1
DA:4,6
DA:5,6
DA:6,6
DA:7,6
DA:8,6
DA:9,6
DA:11,6
DA:35,1
DA:36,1
DA:37,1
DA:38,1
DA:39,1
DA:40,1
DA:41,1
DA:43,1
LF:16
LH:16
BRDA:3,0,0,0
BRDA:3,1,0,0
BRDA:3,2,0,1
BRDA:4,3,0,0
BRDA:4,3,1,6
BRDA:5,4,0,1
BRDA:5,4,1,5
BRDA:6,5,0,0
BRDA:6,5,1,6
BRDA:7,6,0,6
BRDA:7,6,1,0
BRDA:8,7,0,5
BRDA:8,7,1,1
BRDA:35,8,0,0
BRDA:35,9,0,0
BRDA:35,10,0,1
BRDA:36,11,0,0
BRDA:36,11,1,1
BRDA:37,12,0,1
BRDA:37,12,1,0
BRDA:38,13,0,0
BRDA:38,13,1,1
BRDA:39,14,0,1
BRDA:39,14,1,0
BRDA:40,15,0,0
BRDA:40,15,1,1
BRF:26
BRH:14
end_of_record
TN:
SF:stories/components/IconButtonWithDropdown/IconButtonWithDropdown.stories.js
FN:71,(anonymous_0)
FN:85,(anonymous_1)
FNF:2
FNH:2
FNDA:1,(anonymous_0)
FNDA:1,(anonymous_1)
DA:71,1
DA:73,1
DA:74,1
DA:77,1
DA:85,1
DA:87,1
DA:88,1
DA:91,1
LF:8
LH:8
BRF:0
BRH:0
end_of_record
TN:
SF:stories/components/Link/Link.js
FN:4,(anonymous_0)
FN:5,(anonymous_1)
FNF:2
FNH:2
FNDA:18,(anonymous_0)
FNDA:3,(anonymous_1)
DA:4,1
DA:5,18
DA:12,18
DA:13,10
DA:15,8
LF:5
LH:5
BRDA:4,0,0,3
BRDA:4,1,0,3
BRDA:4,2,0,6
BRDA:4,3,0,4
BRDA:4,4,0,8
BRDA:4,5,0,9
BRDA:12,6,0,10
BRDA:12,6,1,8
BRDA:15,7,0,3
BRDA:15,7,1,5
BRF:10
BRH:10
end_of_record
TN:
SF:stories/components/Link/Link.stories.js
FN:62,(anonymous_0)
FN:64,(anonymous_1)
FNF:2
FNH:2
FNDA:3,(anonymous_0)
FNDA:1,(anonymous_1)
DA:62,3
DA:64,1
DA:65,1
DA:78,1
DA:80,1
DA:81,1
DA:85,1
DA:86,1
DA:90,1
LF:9
LH:9
BRF:0
BRH:0
end_of_record
TN:
SF:stories/components/Modals/Delete_Modal.js
FN:3,(anonymous_0)
FNF:1
FNH:1
FNDA:1,(anonymous_0)
DA:3,1
DA:4,1
LF:2
LH:2
BRF:0
BRH:0
end_of_record
TN:
SF:stories/components/Modals/Modal.js
FN:3,insertBR
FN:6,(anonymous_1)
FN:11,(anonymous_2)
FN:25,(anonymous_3)
FN:45,(anonymous_4)
FNF:5
FNH:3
FNDA:0,insertBR
FNDA:0,(anonymous_1)
FNDA:1,(anonymous_2)
FNDA:1,(anonymous_3)
FNDA:1,(anonymous_4)
DA:4,0
DA:6,0
DA:11,1
DA:12,1
DA:25,1
DA:26,1
DA:45,1
DA:46,1
LF:8
LH:6
BRDA:45,0,0,0
BRF:1
BRH:0
end_of_record
TN:
SF:stories/components/Modals/Modal.stories.js
FN:36,(anonymous_0)
FN:45,(anonymous_1)
FN:52,(anonymous_2)
FN:59,(anonymous_3)
FNF:4
FNH:4
FNDA:1,(anonymous_0)
FNDA:1,(anonymous_1)
FNDA:1,(anonymous_2)
FNDA:1,(anonymous_3)
DA:36,1
DA:37,1
DA:45,1
DA:52,1
DA:59,1
DA:66,1
DA:67,1
DA:69,1
DA:70,1
DA:72,1
DA:73,1
DA:75,1
DA:76,1
LF:13
LH:13
BRF:0
BRH:0
end_of_record
TN:
SF:stories/components/Modals/Settings_Modal.js
FN:3,(anonymous_0)
FNF:1
FNH:1
FNDA:1,(anonymous_0)
DA:3,1
DA:4,1
LF:2
LH:2
BRF:0
BRH:0
end_of_record
TN:
SF:stories/components/Modals/Splash_Modal.js
FN:4,(anonymous_0)
FNF:1
FNH:1
FNDA:1,(anonymous_0)
DA:4,1
DA:5,1
LF:2
LH:2
BRF:0
BRH:0
end_of_record
TN:
SF:stories/components/Notifications/Global.js
FN:4,(anonymous_0)
FN:16,(anonymous_1)
FNF:2
FNH:2
FNDA:7,(anonymous_0)
FNDA:7,(anonymous_1)
DA:4,1
DA:5,7
DA:6,7
DA:8,1
DA:10,1
DA:12,5
DA:16,1
DA:24,7
LF:8
LH:8
BRDA:6,0,0,1
BRDA:6,0,1,1
BRDA:6,0,2,5
BRDA:19,1,0,0
BRDA:20,2,0,0
BRDA:30,3,0,7
BRDA:30,3,1,0
BRDA:36,4,0,2
BRDA:36,4,1,5
BRF:9
BRH:6
end_of_record
TN:
SF:stories/components/Notifications/Global.stories.js
FN:36,(anonymous_0)
FNF:1
FNH:1
FNDA:7,(anonymous_0)
DA:36,7
DA:38,1
DA:39,1
DA:44,1
DA:45,1
DA:52,1
DA:53,1
DA:58,1
DA:59,1
DA:65,1
DA:66,1
DA:72,1
DA:73,1
DA:79,1
DA:80,1
LF:15
LH:15
BRF:0
BRH:0
end_of_record
TN:
SF:stories/components/Notifications/Inline/Inline.js
FN:5,(anonymous_0)
FN:18,(anonymous_1)
FNF:2
FNH:2
FNDA:10,(anonymous_0)
FNDA:10,(anonymous_1)
DA:5,1
DA:6,10
DA:8,0
DA:10,0
DA:14,10
DA:18,1
DA:29,10
LF:7
LH:5
BRDA:6,0,0,0
BRDA:6,0,1,0
BRDA:6,0,2,10
BRDA:21,1,0,3
BRDA:22,2,0,3
BRDA:27,3,0,9
BRDA:37,4,0,10
BRDA:37,4,1,0
BRDA:44,5,0,2
BRDA:44,5,1,8
BRDA:46,6,0,2
BRDA:46,6,1,0
BRDA:46,7,0,2
BRDA:46,7,1,2
BRDA:55,8,0,1
BRDA:55,8,1,9
BRDA:57,9,0,1
BRDA:57,9,1,0
BRDA:57,10,0,1
BRDA:57,10,1,1
BRDA:68,11,0,9
BRDA:68,11,1,1
BRF:22
BRH:17
end_of_record
TN:
SF:stories/components/Notifications/Inline/Inline.stories.js
FN:36,(anonymous_0)
FNF:1
FNH:1
FNDA:7,(anonymous_0)
DA:36,7
DA:38,1
DA:39,1
DA:43,1
DA:44,1
DA:50,1
DA:51,1
DA:56,1
DA:57,1
DA:63,1
DA:64,1
DA:71,1
DA:72,1
DA:78,1
DA:79,1
LF:15
LH:15
BRF:0
BRH:0
end_of_record
TN:
SF:stories/components/Notifications/Snackbar/Snackbar.js
FN:4,(anonymous_0)
FN:15,(anonymous_1)
FNF:2
FNH:2
FNDA:7,(anonymous_0)
FNDA:7,(anonymous_1)
DA:4,1
DA:5,7
DA:7,1
DA:9,2
DA:11,4
DA:15,1
DA:24,7
LF:7
LH:7
BRDA:5,0,0,1
BRDA:5,0,1,2
BRDA:5,0,2,4
BRDA:20,1,0,0
BRDA:21,2,0,0
BRDA:22,3,0,5
BRDA:27,4,0,7
BRDA:27,4,1,0
BRDA:34,5,0,2
BRDA:34,5,1,5
BRDA:35,6,0,2
BRDA:35,6,1,5
BRF:12
BRH:9
end_of_record
TN:
SF:stories/components/Notifications/Snackbar/Snackbar.stories.js
FN:36,(anonymous_0)
FNF:1
FNH:1
FNDA:7,(anonymous_0)
DA:36,7
DA:38,1
DA:39,1
DA:46,1
DA:47,1
DA:55,1
DA:56,1
DA:61,1
DA:62,1
DA:68,1
DA:69,1
DA:75,1
DA:76,1
DA:83,1
DA:84,1
LF:15
LH:15
BRF:0
BRH:0
end_of_record
TN:
SF:stories/components/ProductLabels/Flags/Flags.js
FN:3,(anonymous_0)
FNF:1
FNH:1
FNDA:2,(anonymous_0)
DA:3,1
DA:4,2
DA:5,1
DA:12,1
LF:4
LH:4
BRDA:4,0,0,1
BRDA:4,0,1,1
BRF:2
BRH:2
end_of_record
TN:
SF:stories/components/ProductLabels/Flags/Flags.stories.js
FN:12,(anonymous_0)
FNF:1
FNH:1
FNDA:2,(anonymous_0)
DA:12,2
DA:14,1
DA:15,1
DA:21,1
DA:22,1
LF:5
LH:5
BRF:0
BRH:0
end_of_record
TN:
SF:stories/components/ProductLabels/Misc./Dropship/Dropship.js
FN:3,(anonymous_0)
FNF:1
FNH:1
FNDA:1,(anonymous_0)
DA:3,1
DA:4,1
DA:5,1
DA:12,0
LF:4
LH:3
BRDA:3,0,0,0
BRDA:4,1,0,1
BRDA:4,1,1,0
BRF:3
BRH:1
end_of_record
TN:
SF:stories/components/ProductLabels/Misc./Dropship/Dropship.stories.js
FN:12,(anonymous_0)
FNF:1
FNH:1
FNDA:1,(anonymous_0)
DA:12,1
DA:14,1
DA:15,1
LF:3
LH:3
BRF:0
BRH:0
end_of_record
TN:
SF:stories/components/ProductLabels/Misc./Returnable/Returnable.js
FN:3,(anonymous_0)
FNF:1
FNH:1
FNDA:1,(anonymous_0)
DA:3,1
DA:4,1
DA:5,1
DA:12,0
LF:4
LH:3
BRDA:3,0,0,0
BRDA:4,1,0,1
BRDA:4,1,1,0
BRF:3
BRH:1
end_of_record
TN:
SF:stories/components/ProductLabels/Misc./Returnable/Returnable.stories.js
FN:12,(anonymous_0)
FNF:1
FNH:1
FNDA:1,(anonymous_0)
DA:12,1
DA:14,1
DA:15,1
LF:3
LH:3
BRF:0
BRH:0
end_of_record
TN:
SF:stories/components/ProductLabels/StockStatus/StockStatus.js
FN:3,StockStatus
FNF:1
FNH:1
FNDA:7,StockStatus
DA:4,7
LF:1
LH:1
BRDA:7,0,0,2
BRDA:7,0,1,5
BRF:2
BRH:2
end_of_record
TN:
SF:stories/components/ProductLabels/StockStatus/StockStatus.stories.js
FN:24,(anonymous_0)
FNF:1
FNH:1
FNDA:4,(anonymous_0)
DA:24,4
DA:26,1
DA:27,1
DA:32,1
DA:33,1
DA:38,1
DA:39,1
DA:45,1
DA:46,1
LF:9
LH:9
BRF:0
BRH:0
end_of_record
TN:
SF:stories/components/ProductTile/ProductTile.js
FN:12,(anonymous_0)
FN:33,(anonymous_1)
FN:72,(anonymous_2)
FNF:3
FNH:3
FNDA:1,(anonymous_0)
FNDA:3,(anonymous_1)
FNDA:1,(anonymous_2)
DA:12,1
DA:13,1
DA:33,1
DA:34,3
DA:72,1
DA:73,1
LF:6
LH:6
BRDA:37,0,0,3
BRDA:37,0,1,0
BRDA:72,1,0,0
BRDA:72,2,0,0
BRDA:80,3,0,0
BRDA:80,3,1,1
BRF:6
BRH:2
end_of_record
TN:
SF:stories/components/ProductTile/ProductTile.stories.js
FN:34,(anonymous_0)
FNF:1
FNH:1
FNDA:1,(anonymous_0)
DA:34,1
DA:36,1
LF:2
LH:2
BRF:0
BRH:0
end_of_record
TN:
SF:stories/components/ProductTile/components/ProductControls.js
FN:6,(anonymous_0)
FN:16,(anonymous_1)
FN:26,(anonymous_2)
FNF:3
FNH:3
FNDA:3,(anonymous_0)
FNDA:3,(anonymous_1)
FNDA:3,(anonymous_2)
DA:6,1
DA:7,3
DA:16,1
DA:17,3
DA:26,1
DA:27,3
LF:6
LH:6
BRF:0
BRH:0
end_of_record
TN:
SF:stories/components/ProductTile/components/ProductImage.js
FN:4,(anonymous_0)
FNF:1
FNH:1
FNDA:3,(anonymous_0)
DA:4,1
DA:5,3
LF:2
LH:2
BRF:0
BRH:0
end_of_record
TN:
SF:stories/components/ProductTile/components/ProductInfo.js
FN:3,(anonymous_0)
FNF:1
FNH:1
FNDA:3,(anonymous_0)
DA:3,1
DA:4,3
LF:2
LH:2
BRF:0
BRH:0
end_of_record
TN:
SF:stories/components/ProductTile/components/ProductInfoMobile.js
FN:4,(anonymous_0)
FNF:1
FNH:1
FNDA:3,(anonymous_0)
DA:4,1
DA:5,3
LF:2
LH:2
BRF:0
BRH:0
end_of_record
TN:
SF:stories/components/ProductTile/components/ProductPrice.js
FN:3,(anonymous_0)
FNF:1
FNH:1
FNDA:7,(anonymous_0)
DA:3,1
DA:4,7
LF:2
LH:2
BRF:0
BRH:0
end_of_record
TN:
SF:stories/components/Slider/Slider.js
FN:4,(anonymous_0)
FNF:1
FNH:1
FNDA:2,(anonymous_0)
DA:4,1
DA:5,2
LF:2
LH:2
BRDA:6,0,0,0
BRDA:6,0,1,2
BRDA:12,1,0,1
BRDA:12,1,1,1
BRF:4
BRH:3
end_of_record
TN:
SF:stories/components/Slider/Slider.stories.js
FN:38,(anonymous_0)
FNF:1
FNH:1
FNDA:2,(anonymous_0)
DA:38,2
DA:40,1
DA:41,1
DA:45,1
DA:46,1
LF:5
LH:5
BRF:0
BRH:0
end_of_record
TN:
SF:stories/components/StepperButton/StepperButton.js
FN:3,(anonymous_0)
FNF:1
FNH:1
FNDA:1,(anonymous_0)
DA:3,1
DA:5,1
LF:2
LH:2
BRDA:3,0,0,0
BRF:1
BRH:0
end_of_record
TN:
SF:stories/components/StepperButton/StepperButton.stories.js
FN:28,(anonymous_0)
FNF:1
FNH:1
FNDA:1,(anonymous_0)
DA:28,1
DA:31,1
DA:32,1
DA:36,1
LF:4
LH:4
BRF:0
BRH:0
end_of_record
TN:
SF:stories/components/Tabs/Tabs.js
FN:3,onWindowLoad
FN:4,(anonymous_1)
FN:7,(anonymous_2)
FN:14,handleClick
FN:22,(anonymous_4)
FN:24,(anonymous_5)
FN:42,(anonymous_6)
FN:58,(anonymous_7)
FN:63,(anonymous_8)
FN:66,(anonymous_9)
FNF:10
FNH:6
FNDA:2,onWindowLoad
FNDA:0,(anonymous_1)
FNDA:0,(anonymous_2)
FNDA:0,handleClick
FNDA:0,(anonymous_4)
FNDA:8,(anonymous_5)
FNDA:8,(anonymous_6)
FNDA:2,(anonymous_7)
FNDA:8,(anonymous_8)
FNDA:8,(anonymous_9)
DA:4,2
DA:5,0
DA:6,0
DA:7,0
DA:8,0
DA:15,0
DA:22,1
DA:24,8
DA:42,8
DA:58,1
DA:59,2
DA:60,2
DA:63,8
DA:66,8
LF:14
LH:9
BRDA:6,0,0,0
BRDA:6,0,1,0
BRDA:24,1,0,8
BRDA:27,2,0,2
BRDA:27,2,1,6
BRDA:38,3,0,0
BRDA:38,3,1,8
BRDA:44,4,0,2
BRDA:44,4,1,6
BRDA:58,5,0,0
BRDA:58,6,0,0
BRDA:58,7,0,0
BRDA:58,8,0,0
BRDA:59,9,0,0
BRDA:59,9,1,2
BRF:15
BRH:7
end_of_record
TN:
SF:stories/components/Tabs/Tabs.stories.js
FN:71,(anonymous_0)
FNF:1
FNH:1
FNDA:2,(anonymous_0)
DA:71,2
DA:73,1
DA:74,1
DA:78,1
DA:79,1
LF:5
LH:5
BRF:0
BRH:0
end_of_record
TN:
SF:stories/components/Tile/Tile.js
FN:5,(anonymous_0)
FNF:1
FNH:1
FNDA:1,(anonymous_0)
DA:5,1
DA:6,1
LF:2
LH:2
BRDA:5,0,0,0
BRDA:10,1,0,1
BRDA:10,1,1,0
BRF:3
BRH:1
end_of_record
TN:
SF:stories/components/Tile/Tile.stories.js
FN:20,(anonymous_0)
FNF:1
FNH:1
FNDA:1,(anonymous_0)
DA:20,1
DA:22,1
LF:2
LH:2
BRF:0
BRH:0
end_of_record
TN:
SF:stories/components/Toggle/Toggle.js
FN:4,(anonymous_0)
FNF:1
FNH:1
FNDA:4,(anonymous_0)
DA:4,1
DA:5,4
LF:2
LH:2
BRDA:4,0,0,0
BRDA:4,1,0,0
BRDA:4,2,0,3
BRDA:8,3,0,1
BRDA:8,3,1,3
BRF:5
BRH:3
end_of_record
TN:
SF:stories/components/Toggle/Toggle.stories.js
FN:52,(anonymous_0)
FNF:1
FNH:1
FNDA:4,(anonymous_0)
DA:52,4
DA:54,1
DA:55,1
DA:57,1
DA:58,1
DA:62,1
DA:63,1
DA:67,1
DA:68,1
LF:9
LH:9
BRF:0
BRH:0
end_of_record
TN:
SF:stories/components/ToolTip/Tooltip.js
FN:3,(anonymous_0)
FN:14,(anonymous_1)
FNF:2
FNH:2
FNDA:2,(anonymous_0)
FNDA:2,(anonymous_1)
DA:3,2
DA:14,1
DA:15,2
LF:3
LH:3
BRDA:14,0,0,0
BRDA:27,1,0,1
BRDA:27,1,1,1
BRF:3
BRH:2
end_of_record
TN:
SF:stories/components/ToolTip/Tooltip.stories.js
FN:24,(anonymous_0)
FNF:1
FNH:1
FNDA:2,(anonymous_0)
DA:24,2
DA:26,1
DA:28,1
DA:29,1
LF:4
LH:4
BRF:0
BRH:0
end_of_record
TN:
SF:stories/components/UserTile/UserTile.js
FN:7,(anonymous_0)
FN:30,(anonymous_1)
FN:47,(anonymous_2)
FNF:3
FNH:3
FNDA:2,(anonymous_0)
FNDA:4,(anonymous_1)
FNDA:4,(anonymous_2)
DA:7,1
DA:8,2
DA:30,1
DA:31,4
DA:47,1
DA:48,4
LF:6
LH:6
BRDA:34,0,0,3
BRDA:34,0,1,1
BRDA:47,1,0,0
BRDA:47,2,0,0
BRDA:47,3,0,0
BRDA:51,4,0,2
BRDA:51,4,1,2
BRF:7
BRH:4
end_of_record
TN:
SF:stories/components/UserTile/UserTile.stories.js
FN:47,(anonymous_0)
FN:61,(anonymous_1)
FNF:2
FNH:2
FNDA:1,(anonymous_0)
FNDA:4,(anonymous_1)
DA:47,1
DA:48,1
DA:61,4
DA:63,1
DA:64,1
DA:66,1
DA:68,1
DA:69,1
DA:73,1
DA:74,1
DA:78,1
DA:79,1
LF:12
LH:12
BRF:0
BRH:0
end_of_record
TN:
SF:stories/components/UserTile/components/AccountInfo.js
FN:3,(anonymous_0)
FN:11,(anonymous_1)
FNF:2
FNH:2
FNDA:10,(anonymous_0)
FNDA:14,(anonymous_1)
DA:3,1
DA:4,10
DA:11,14
LF:3
LH:3
BRF:0
BRH:0
end_of_record
TN:
SF:stories/components/UserTile/components/UserImage.js
FN:4,(anonymous_0)
FNF:1
FNH:1
FNDA:12,(anonymous_0)
DA:4,1
DA:5,12
LF:2
LH:2
BRDA:4,0,0,0
BRDA:6,1,0,4
BRDA:6,1,1,8
BRF:3
BRH:2
end_of_record
TN:
SF:stories/components/UserTile/components/UserInfo.js
FN:5,(anonymous_0)
FNF:1
FNH:1
FNDA:4,(anonymous_0)
DA:5,1
DA:6,4
LF:2
LH:2
BRF:0
BRH:0
end_of_record
TN:
SF:stories/form/CheckBox/CheckBox.js
FN:3,(anonymous_0)
FNF:1
FNH:1
FNDA:13,(anonymous_0)
DA:3,1
DA:4,13
DA:5,13
DA:6,13
DA:7,65
DA:13,13
DA:14,12
DA:21,1
LF:8
LH:8
BRDA:3,0,0,5
BRDA:10,1,0,25
BRDA:10,1,1,40
BRDA:13,2,0,12
BRDA:13,2,1,1
BRDA:17,3,0,4
BRDA:17,3,1,8
BRF:7
BRH:7
end_of_record
TN:
SF:stories/form/CheckBox/CheckBox.stories.js
FN:37,(anonymous_0)
FN:46,(anonymous_1)
FNF:2
FNH:1
FNDA:5,(anonymous_0)
FNDA:0,(anonymous_1)
DA:38,5
DA:46,1
DA:48,1
DA:50,1
DA:51,1
DA:55,1
DA:56,1
DA:61,1
DA:62,1
DA:66,1
DA:67,1
LF:11
LH:11
BRF:0
BRH:0
end_of_record
TN:
SF:stories/form/CheckBox/script.js
FN:1,(anonymous_0)
FNF:1
FNH:1
FNDA:5,(anonymous_0)
DA:2,5
DA:3,1
LF:2
LH:2
BRDA:2,0,0,1
BRDA:2,0,1,4
BRF:2
BRH:2
end_of_record
TN:
SF:stories/form/Dropdown/Dropdown.js
FN:4,(anonymous_0)
FN:9,(anonymous_1)
FN:30,(anonymous_2)
FNF:3
FNH:2
FNDA:0,(anonymous_0)
FNDA:1,(anonymous_1)
FNDA:1,(anonymous_2)
DA:4,1
DA:5,0
DA:9,1
DA:10,1
DA:30,1
DA:31,1
LF:6
LH:5
BRDA:9,0,0,0
BRDA:11,1,0,0
BRDA:11,1,1,1
BRDA:30,2,0,0
BRDA:32,3,0,0
BRDA:32,3,1,1
BRF:6
BRH:2
end_of_record
TN:
SF:stories/form/Dropdown/Dropdown.stories.js
FN:29,(anonymous_0)
FN:30,(anonymous_1)
FN:32,(anonymous_2)
FNF:3
FNH:3
FNDA:1,(anonymous_0)
FNDA:1,(anonymous_1)
FNDA:1,(anonymous_2)
DA:29,1
DA:30,1
DA:32,1
DA:34,1
DA:35,1
DA:37,1
DA:38,1
DA:40,1
DA:41,1
LF:9
LH:9
BRF:0
BRH:0
end_of_record
TN:
SF:stories/form/Dropdown/Organized_Drop_Down.js
FN:6,(anonymous_0)
FN:10,(anonymous_1)
FNF:2
FNH:1
FNDA:0,(anonymous_0)
FNDA:1,(anonymous_1)
DA:6,1
DA:7,0
DA:10,1
DA:11,1
LF:4
LH:3
BRDA:12,0,0,0
BRDA:12,0,1,1
BRF:2
BRH:1
end_of_record
TN:
SF:stories/form/InputSpinner/InputSpinner.js
FN:3,(anonymous_0)
FNF:1
FNH:1
FNDA:7,(anonymous_0)
DA:3,1
DA:5,7
DA:7,7
LF:3
LH:3
BRDA:5,0,0,0
BRDA:5,0,1,7
BRF:2
BRH:1
end_of_record
TN:
SF:stories/form/InputSpinner/InputSpinner.stories.js
FN:23,(anonymous_0)
FNF:1
FNH:1
FNDA:1,(anonymous_0)
DA:23,1
DA:25,1
LF:2
LH:2
BRF:0
BRH:0
end_of_record
TN:
SF:stories/form/RadioButton/RadioButton.js
FN:3,(anonymous_0)
FNF:1
FNH:1
FNDA:4,(anonymous_0)
DA:3,1
DA:4,4
DA:5,3
DA:12,1
LF:4
LH:4
BRDA:4,0,0,3
BRDA:4,0,1,1
BRF:2
BRH:2
end_of_record
TN:
SF:stories/form/RadioButton/RadioButton.stories.js
FN:41,(anonymous_0)
FNF:1
FNH:1
FNDA:4,(anonymous_0)
DA:41,4
DA:43,1
DA:45,1
DA:46,1
DA:50,1
DA:51,1
DA:56,1
DA:57,1
LF:8
LH:8
BRF:0
BRH:0
end_of_record
TN:
SF:stories/form/Select/Select.js
FN:3,(anonymous_0)
FNF:1
FNH:1
FNDA:1,(anonymous_0)
DA:3,1
DA:4,1
LF:2
LH:2
BRF:0
BRH:0
end_of_record
TN:
SF:stories/form/Select/Select.stories.js
FN:7,(anonymous_0)
FNF:1
FNH:1
FNDA:1,(anonymous_0)
DA:7,1
DA:9,1
LF:2
LH:2
BRF:0
BRH:0
end_of_record
TN:
SF:stories/form/TextArea/TextArea.js
FN:3,(anonymous_0)
FNF:1
FNH:1
FNDA:1,(anonymous_0)
DA:3,1
DA:4,1
LF:2
LH:2
BRF:0
BRH:0
end_of_record
TN:
SF:stories/form/TextArea/TextArea.stories.js
FN:7,(anonymous_0)
FNF:1
FNH:1
FNDA:1,(anonymous_0)
DA:7,1
DA:9,1
DA:10,1
LF:3
LH:3
BRF:0
BRH:0
end_of_record
TN:
SF:stories/form/TextInput/TextInput.js
FN:3,(anonymous_0)
FNF:1
FNH:1
FNDA:7,(anonymous_0)
DA:3,1
DA:5,7
DA:14,7
DA:15,7
DA:20,7
DA:22,7
DA:23,7
DA:24,7
DA:25,7
DA:27,7
LF:10
LH:10
BRDA:15,0,0,0
BRDA:15,0,1,7
BRDA:22,1,0,0
BRDA:22,1,1,7
BRDA:23,2,0,7
BRDA:23,2,1,0
BRDA:24,3,0,1
BRDA:24,3,1,6
BRDA:33,4,0,0
BRDA:33,4,1,7
BRDA:34,5,0,1
BRDA:34,5,1,6
BRDA:35,6,0,1
BRDA:35,6,1,6
BRF:14
BRH:10
end_of_record
TN:
SF:stories/form/TextInput/TextInput.stories.js
FN:84,(anonymous_0)
FNF:1
FNH:1
FNDA:4,(anonymous_0)
DA:84,4
DA:86,1
DA:87,1
DA:91,1
DA:92,1
DA:96,1
DA:97,1
DA:101,1
DA:102,1
LF:9
LH:9
BRF:0
BRH:0
end_of_record
